[2023-08-30 09:13:57]=========================================



[2023-08-30 09:13:57] 软件开始运行



[2023-08-30 09:13:57]=========================================
[2023-08-30 09:13:57]================== screen info ==================
[2023-08-30 09:13:57]xres:800
[2023-08-30 09:13:57]yres:600
[2023-08-30 09:13:57]This is RGB888 Standard
[2023-08-30 09:13:57]======================================
[2023-08-30 09:18:19]=========================================



[2023-08-30 09:18:19] 软件开始运行



[2023-08-30 09:18:19]=========================================
[2023-08-30 09:18:19]================== screen info ==================
[2023-08-30 09:18:19]xres:800
[2023-08-30 09:18:19]yres:600
[2023-08-30 09:18:19]This is RGB888 Standard
[2023-08-30 09:18:19]======================================
[2023-08-30 09:20:41]=========================================



[2023-08-30 09:20:41] 软件开始运行



[2023-08-30 09:20:41]=========================================
[2023-08-30 09:20:41]================== screen info ==================
[2023-08-30 09:20:41]xres:800
[2023-08-30 09:20:41]yres:600
[2023-08-30 09:20:41]This is RGB888 Standard
[2023-08-30 09:20:41]======================================
[2023-08-30 09:29:53]=========================================



[2023-08-30 09:29:53] 软件开始运行



[2023-08-30 09:29:53]=========================================
[2023-08-30 09:29:53]================== screen info ==================
[2023-08-30 09:29:53]xres:800
[2023-08-30 09:29:53]yres:600
[2023-08-30 09:29:53]This is RGB888 Standard
[2023-08-30 09:29:53]======================================
[2023-08-30 09:32:31]=========================================



[2023-08-30 09:32:31] 软件开始运行



[2023-08-30 09:32:31]=========================================
[2023-08-30 09:32:31]================== screen info ==================
[2023-08-30 09:32:31]xres:800
[2023-08-30 09:32:31]yres:600
[2023-08-30 09:32:31]This is RGB888 Standard
[2023-08-30 09:32:31]======================================
[2023-08-30 09:34:24]=========================================



[2023-08-30 09:34:24] 软件开始运行



[2023-08-30 09:34:24]=========================================
[2023-08-30 09:34:24]================== screen info ==================
[2023-08-30 09:34:24]xres:800
[2023-08-30 09:34:24]yres:600
[2023-08-30 09:34:24]This is RGB888 Standard
[2023-08-30 09:34:24]======================================
[2023-08-30 09:35:36]=========================================



[2023-08-30 09:35:36] 软件开始运行



[2023-08-30 09:35:36]=========================================
[2023-08-30 09:35:36]================== screen info ==================
[2023-08-30 09:35:36]xres:800
[2023-08-30 09:35:36]yres:600
[2023-08-30 09:35:36]This is RGB888 Standard
[2023-08-30 09:35:36]======================================
[2023-08-30 09:59:02]=========================================



[2023-08-30 09:59:02] 软件开始运行



[2023-08-30 09:59:02]=========================================
[2023-08-30 09:59:02]================== screen info ==================
[2023-08-30 09:59:02]xres:800
[2023-08-30 09:59:02]yres:600
[2023-08-30 09:59:02]This is RGB888 Standard
[2023-08-30 09:59:02]======================================
[2023-08-30 09:59:10]=========================================



[2023-08-30 09:59:10] 软件开始运行



[2023-08-30 09:59:10]=========================================
[2023-08-30 09:59:10]================== screen info ==================
[2023-08-30 09:59:10]xres:800
[2023-08-30 09:59:10]yres:600
[2023-08-30 09:59:10]This is RGB888 Standard
[2023-08-30 09:59:10]======================================
[2023-08-30 10:02:22]=========================================



[2023-08-30 10:02:22] 软件开始运行



[2023-08-30 10:02:22]=========================================
[2023-08-30 10:02:22]================== screen info ==================
[2023-08-30 10:02:22]xres:800
[2023-08-30 10:02:22]yres:600
[2023-08-30 10:02:22]This is RGB888 Standard
[2023-08-30 10:02:22]======================================
[2023-08-30 10:02:22]Dict_xpos:200 Dict_ypos:390 Width:20 Height:-10 R:255 G:0 B:0
[2023-08-30 10:02:22]Dict_xpos:220 Dict_ypos:372 Width:20 Height:-28 R:0 G:255 B:0
[2023-08-30 10:02:22]Dict_xpos:240 Dict_ypos:359 Width:20 Height:-41 R:0 G:0 B:255
[2023-08-30 10:02:22]Dict_xpos:260 Dict_ypos:394 Width:20 Height:-6 R:255 G:255 B:0
[2023-08-30 10:02:22]Dict_xpos:280 Dict_ypos:385 Width:20 Height:-15 R:255 G:0 B:255
[2023-08-30 10:03:31]=========================================



[2023-08-30 10:03:31] 软件开始运行



[2023-08-30 10:03:31]=========================================
[2023-08-30 10:03:31]================== screen info ==================
[2023-08-30 10:03:31]xres:800
[2023-08-30 10:03:31]yres:600
[2023-08-30 10:03:31]This is RGB888 Standard
[2023-08-30 10:03:31]======================================
[2023-08-30 10:03:31]Dict_xpos:200 Dict_ypos:390 Width:20 Height:-10 R:255 G:0 B:0
[2023-08-30 10:03:31]Dict_xpos:220 Dict_ypos:372 Width:20 Height:-28 R:0 G:255 B:0
[2023-08-30 10:03:31]Dict_xpos:240 Dict_ypos:359 Width:20 Height:-41 R:0 G:0 B:255
[2023-08-30 10:03:31]Dict_xpos:260 Dict_ypos:394 Width:20 Height:-6 R:255 G:255 B:0
[2023-08-30 10:03:31]Dict_xpos:280 Dict_ypos:385 Width:20 Height:-15 R:255 G:0 B:255
[2023-08-30 10:24:46]=========================================



[2023-08-30 10:24:46] 软件开始运行



[2023-08-30 10:24:46]=========================================
[2023-08-30 10:24:46]================== screen info ==================
[2023-08-30 10:24:46]xres:800
[2023-08-30 10:24:46]yres:600
[2023-08-30 10:24:46]This is RGB888 Standard
[2023-08-30 10:24:46]======================================
[2023-08-30 10:24:46]Dict_xpos:200 Dict_ypos:390 Width:20 Height:-10 R:255 G:0 B:0
[2023-08-30 10:24:46]Dict_xpos:220 Dict_ypos:372 Width:20 Height:-28 R:0 G:255 B:0
[2023-08-30 10:24:46]Dict_xpos:240 Dict_ypos:359 Width:20 Height:-41 R:0 G:0 B:255
[2023-08-30 10:24:46]Dict_xpos:260 Dict_ypos:394 Width:20 Height:-6 R:255 G:255 B:0
[2023-08-30 10:24:46]Dict_xpos:280 Dict_ypos:385 Width:20 Height:-15 R:255 G:0 B:255
[2023-08-30 10:32:09]=========================================



[2023-08-30 10:32:09] 软件开始运行



[2023-08-30 10:32:09]=========================================
[2023-08-30 10:32:09]================== screen info ==================
[2023-08-30 10:32:09]xres:800
[2023-08-30 10:32:09]yres:600
[2023-08-30 10:32:09]This is RGB888 Standard
[2023-08-30 10:32:09]======================================
[2023-08-30 10:32:09]Dict_xpos:200 Dict_ypos:390 Width:20 Height:-10 R:255 G:0 B:0
[2023-08-30 10:32:09]Dict_xpos:220 Dict_ypos:372 Width:20 Height:-28 R:0 G:255 B:0
[2023-08-30 10:32:09]Dict_xpos:240 Dict_ypos:359 Width:20 Height:-41 R:0 G:0 B:255
[2023-08-30 10:32:09]Dict_xpos:260 Dict_ypos:394 Width:20 Height:-6 R:255 G:255 B:0
[2023-08-30 10:32:09]Dict_xpos:280 Dict_ypos:385 Width:20 Height:-15 R:255 G:0 B:255
[2023-08-30 10:35:11]=========================================



[2023-08-30 10:35:11] 软件开始运行



[2023-08-30 10:35:11]=========================================
[2023-08-30 10:35:11]================== screen info ==================
[2023-08-30 10:35:11]xres:800
[2023-08-30 10:35:11]yres:600
[2023-08-30 10:35:11]This is RGB888 Standard
[2023-08-30 10:35:11]======================================
[2023-08-30 10:35:11]Dict_xpos:200 Dict_ypos:390 Width:20 Height:-10 R:255 G:0 B:0
[2023-08-30 10:35:11]Dict_xpos:220 Dict_ypos:372 Width:20 Height:-28 R:0 G:255 B:0
[2023-08-30 10:35:11]Dict_xpos:240 Dict_ypos:359 Width:20 Height:-41 R:0 G:0 B:255
[2023-08-30 10:35:11]Dict_xpos:260 Dict_ypos:394 Width:20 Height:-6 R:255 G:255 B:0
[2023-08-30 10:35:11]Dict_xpos:280 Dict_ypos:385 Width:20 Height:-15 R:255 G:0 B:255
[2023-08-30 11:12:28]=========================================



[2023-08-30 11:12:28] 软件开始运行



[2023-08-30 11:12:28]=========================================
[2023-08-30 11:12:28]================== screen info ==================
[2023-08-30 11:12:28]xres:800
[2023-08-30 11:12:28]yres:600
[2023-08-30 11:12:28]This is RGB888 Standard
[2023-08-30 11:12:28]======================================
[2023-08-30 11:12:28]Dict_xpos:200 Dict_ypos:390 Width:20 Height:-10 R:255 G:0 B:0
[2023-08-30 11:12:28]Dict_xpos:220 Dict_ypos:372 Width:20 Height:-28 R:0 G:255 B:0
[2023-08-30 11:12:28]Dict_xpos:240 Dict_ypos:359 Width:20 Height:-41 R:0 G:0 B:255
[2023-08-30 11:12:28]Dict_xpos:260 Dict_ypos:394 Width:20 Height:-6 R:255 G:255 B:0
[2023-08-30 11:12:28]Dict_xpos:280 Dict_ypos:385 Width:20 Height:-15 R:255 G:0 B:255
[2023-08-30 11:20:08]=========================================



[2023-08-30 11:20:08] 软件开始运行



[2023-08-30 11:20:08]=========================================
[2023-08-30 11:20:08]================== screen info ==================
[2023-08-30 11:20:08]xres:800
[2023-08-30 11:20:08]yres:600
[2023-08-30 11:20:08]This is RGB888 Standard
[2023-08-30 11:20:08]======================================
[2023-08-30 11:20:08]Dict_xpos:200 Dict_ypos:390 Width:20 Height:-10 R:255 G:0 B:0
[2023-08-30 11:20:08]Dict_xpos:220 Dict_ypos:372 Width:20 Height:-28 R:0 G:255 B:0
[2023-08-30 11:20:08]Dict_xpos:240 Dict_ypos:359 Width:20 Height:-41 R:0 G:0 B:255
[2023-08-30 11:20:08]Dict_xpos:260 Dict_ypos:394 Width:20 Height:-6 R:255 G:255 B:0
[2023-08-30 11:20:08]Dict_xpos:280 Dict_ypos:385 Width:20 Height:-15 R:255 G:0 B:255
[2023-08-30 11:24:25]=========================================



[2023-08-30 11:24:25] 软件开始运行



[2023-08-30 11:24:25]=========================================
[2023-08-30 11:24:25]================== screen info ==================
[2023-08-30 11:24:25]xres:800
[2023-08-30 11:24:25]yres:600
[2023-08-30 11:24:25]This is RGB888 Standard
[2023-08-30 11:24:25]======================================
[2023-08-30 11:24:25]Dict_xpos:200 Dict_ypos:390 Width:20 Height:-10 R:255 G:0 B:0
[2023-08-30 11:24:25]Dict_xpos:220 Dict_ypos:372 Width:20 Height:-28 R:0 G:255 B:0
[2023-08-30 11:24:25]Dict_xpos:240 Dict_ypos:359 Width:20 Height:-41 R:0 G:0 B:255
[2023-08-30 11:24:25]Dict_xpos:260 Dict_ypos:394 Width:20 Height:-6 R:255 G:255 B:0
[2023-08-30 11:24:25]Dict_xpos:280 Dict_ypos:385 Width:20 Height:-15 R:255 G:0 B:255
[2023-08-30 13:43:41]=========================================



[2023-08-30 13:43:41] 软件开始运行



[2023-08-30 13:43:41]=========================================
[2023-08-30 13:43:41]================== screen info ==================
[2023-08-30 13:43:41]xres:800
[2023-08-30 13:43:41]yres:600
[2023-08-30 13:43:41]This is RGB888 Standard
[2023-08-30 13:43:41]======================================
[2023-08-30 13:43:41]Dict_xpos:200 Dict_ypos:390 Width:20 Height:-10 R:255 G:0 B:0
[2023-08-30 13:43:41]Dict_xpos:220 Dict_ypos:372 Width:20 Height:-28 R:0 G:255 B:0
[2023-08-30 13:43:41]Dict_xpos:240 Dict_ypos:359 Width:20 Height:-41 R:0 G:0 B:255
[2023-08-30 13:43:41]Dict_xpos:260 Dict_ypos:394 Width:20 Height:-6 R:255 G:255 B:0
[2023-08-30 13:43:41]Dict_xpos:280 Dict_ypos:385 Width:20 Height:-15 R:255 G:0 B:255
[2023-08-30 13:51:10]=========================================



[2023-08-30 13:51:10] 软件开始运行



[2023-08-30 13:51:10]=========================================
[2023-08-30 13:51:10]================== screen info ==================
[2023-08-30 13:51:10]xres:800
[2023-08-30 13:51:10]yres:600
[2023-08-30 13:51:10]This is RGB888 Standard
[2023-08-30 13:51:10]======================================
[2023-08-30 13:51:10]Dict_xpos:200 Dict_ypos:390 Width:20 Height:-10 R:255 G:0 B:0
[2023-08-30 13:51:10]Dict_xpos:220 Dict_ypos:372 Width:20 Height:-28 R:0 G:255 B:0
[2023-08-30 13:51:10]Dict_xpos:240 Dict_ypos:359 Width:20 Height:-41 R:0 G:0 B:255
[2023-08-30 13:51:10]Dict_xpos:260 Dict_ypos:394 Width:20 Height:-6 R:255 G:255 B:0
[2023-08-30 13:51:10]Dict_xpos:280 Dict_ypos:385 Width:20 Height:-15 R:255 G:0 B:255
[2023-08-30 13:55:50]=========================================



[2023-08-30 13:55:50] 软件开始运行



[2023-08-30 13:55:50]=========================================
[2023-08-30 13:55:50]================== screen info ==================
[2023-08-30 13:55:50]xres:800
[2023-08-30 13:55:50]yres:600
[2023-08-30 13:55:50]This is RGB888 Standard
[2023-08-30 13:55:50]======================================
[2023-08-30 13:56:17]=========================================



[2023-08-30 13:56:17] 软件开始运行



[2023-08-30 13:56:17]=========================================
[2023-08-30 13:56:17]================== screen info ==================
[2023-08-30 13:56:17]xres:800
[2023-08-30 13:56:17]yres:600
[2023-08-30 13:56:17]This is RGB888 Standard
[2023-08-30 13:56:17]======================================
[2023-08-30 13:57:25]=========================================



[2023-08-30 13:57:25] 软件开始运行



[2023-08-30 13:57:25]=========================================
[2023-08-30 13:57:25]================== screen info ==================
[2023-08-30 13:57:25]xres:800
[2023-08-30 13:57:25]yres:600
[2023-08-30 13:57:25]This is RGB888 Standard
[2023-08-30 13:57:25]======================================
[2023-08-30 13:58:03]=========================================



[2023-08-30 13:58:03] 软件开始运行



[2023-08-30 13:58:03]=========================================
[2023-08-30 13:58:03]================== screen info ==================
[2023-08-30 13:58:03]xres:800
[2023-08-30 13:58:03]yres:600
[2023-08-30 13:58:03]This is RGB888 Standard
[2023-08-30 13:58:03]======================================
[2023-08-30 14:04:14]=========================================



[2023-08-30 14:04:14] 软件开始运行



[2023-08-30 14:04:14]=========================================
[2023-08-30 14:04:14]================== screen info ==================
[2023-08-30 14:04:14]xres:800
[2023-08-30 14:04:14]yres:600
[2023-08-30 14:04:14]This is RGB888 Standard
[2023-08-30 14:04:14]======================================
