[2023-08-31 14:16:04]=========================================



[2023-08-31 14:16:04] 软件开始运行



[2023-08-31 14:16:04]=========================================
[2023-08-31 14:16:04]================== screen info ==================
[2023-08-31 14:16:04]xres:800
[2023-08-31 14:16:04]yres:600
[2023-08-31 14:16:04]This is RGB888 Standard
[2023-08-31 14:16:04]======================================
[2023-08-31 14:55:41]=========================================



[2023-08-31 14:55:41] 软件开始运行



[2023-08-31 14:55:41]=========================================
[2023-08-31 14:55:41]================== screen info ==================
[2023-08-31 14:55:41]xres:800
[2023-08-31 14:55:41]yres:600
[2023-08-31 14:55:41]This is RGB888 Standard
[2023-08-31 14:55:41]======================================
[2023-08-31 14:59:26]=========================================



[2023-08-31 14:59:26] 软件开始运行



[2023-08-31 14:59:26]=========================================
[2023-08-31 14:59:26]================== screen info ==================
[2023-08-31 14:59:26]xres:800
[2023-08-31 14:59:26]yres:600
[2023-08-31 14:59:26]This is RGB888 Standard
[2023-08-31 14:59:26]======================================
[2023-08-31 15:03:03]=========================================



[2023-08-31 15:03:03] 软件开始运行



[2023-08-31 15:03:03]=========================================
[2023-08-31 15:03:03]================== screen info ==================
[2023-08-31 15:03:03]xres:800
[2023-08-31 15:03:03]yres:600
[2023-08-31 15:03:03]This is RGB888 Standard
[2023-08-31 15:03:03]======================================
[2023-08-31 15:03:54]=========================================



[2023-08-31 15:03:54] 软件开始运行



[2023-08-31 15:03:54]=========================================
[2023-08-31 15:03:54]================== screen info ==================
[2023-08-31 15:03:54]xres:800
[2023-08-31 15:03:54]yres:600
[2023-08-31 15:03:54]This is RGB888 Standard
[2023-08-31 15:03:54]======================================
[2023-08-31 15:08:44]=========================================



[2023-08-31 15:08:44] 软件开始运行



[2023-08-31 15:08:44]=========================================
[2023-08-31 15:08:44]================== screen info ==================
[2023-08-31 15:08:44]xres:800
[2023-08-31 15:08:44]yres:600
[2023-08-31 15:08:44]This is RGB888 Standard
[2023-08-31 15:08:44]======================================
[2023-08-31 15:09:04]=========================================



[2023-08-31 15:09:04] 软件开始运行



[2023-08-31 15:09:04]=========================================
[2023-08-31 15:09:04]================== screen info ==================
[2023-08-31 15:09:04]xres:800
[2023-08-31 15:09:04]yres:600
[2023-08-31 15:09:04]This is RGB888 Standard
[2023-08-31 15:09:04]======================================
[2023-08-31 15:13:02]=========================================



[2023-08-31 15:13:02] 软件开始运行



[2023-08-31 15:13:02]=========================================
[2023-08-31 15:13:02]================== screen info ==================
[2023-08-31 15:13:02]xres:800
[2023-08-31 15:13:02]yres:600
[2023-08-31 15:13:02]This is RGB888 Standard
[2023-08-31 15:13:02]======================================
[2023-08-31 15:14:22]=========================================



[2023-08-31 15:14:22] 软件开始运行



[2023-08-31 15:14:22]=========================================
[2023-08-31 15:14:22]================== screen info ==================
[2023-08-31 15:14:22]xres:800
[2023-08-31 15:14:22]yres:600
[2023-08-31 15:14:22]This is RGB888 Standard
[2023-08-31 15:14:22]======================================
[2023-08-31 15:16:51]=========================================



[2023-08-31 15:16:51] 软件开始运行



[2023-08-31 15:16:51]=========================================
[2023-08-31 15:16:51]================== screen info ==================
[2023-08-31 15:16:51]xres:800
[2023-08-31 15:16:51]yres:600
[2023-08-31 15:16:51]This is RGB888 Standard
[2023-08-31 15:16:51]======================================
[2023-08-31 15:19:19]=========================================



[2023-08-31 15:19:19] 软件开始运行



[2023-08-31 15:19:19]=========================================
[2023-08-31 15:19:19]================== screen info ==================
[2023-08-31 15:19:19]xres:800
[2023-08-31 15:19:19]yres:600
[2023-08-31 15:19:19]This is RGB888 Standard
[2023-08-31 15:19:19]======================================
[2023-08-31 15:20:34]=========================================



[2023-08-31 15:20:34] 软件开始运行



[2023-08-31 15:20:34]=========================================
[2023-08-31 15:20:34]================== screen info ==================
[2023-08-31 15:20:34]xres:800
[2023-08-31 15:20:34]yres:600
[2023-08-31 15:20:34]This is RGB888 Standard
[2023-08-31 15:20:34]======================================
[2023-08-31 15:25:13]=========================================



[2023-08-31 15:25:13] 软件开始运行



[2023-08-31 15:25:13]=========================================
[2023-08-31 15:25:13]================== screen info ==================
[2023-08-31 15:25:13]xres:800
[2023-08-31 15:25:13]yres:600
[2023-08-31 15:25:13]This is RGB888 Standard
[2023-08-31 15:25:13]======================================
[2023-08-31 15:25:39]=========================================



[2023-08-31 15:25:39] 软件开始运行



[2023-08-31 15:25:39]=========================================
[2023-08-31 15:25:39]================== screen info ==================
[2023-08-31 15:25:39]xres:800
[2023-08-31 15:25:39]yres:600
[2023-08-31 15:25:39]This is RGB888 Standard
[2023-08-31 15:25:39]======================================
[2023-08-31 15:27:56]=========================================



[2023-08-31 15:27:56] 软件开始运行



[2023-08-31 15:27:56]=========================================
[2023-08-31 15:27:56]================== screen info ==================
[2023-08-31 15:27:56]xres:800
[2023-08-31 15:27:56]yres:600
[2023-08-31 15:27:56]This is RGB888 Standard
[2023-08-31 15:27:56]======================================
[2023-08-31 15:29:26]=========================================



[2023-08-31 15:29:26] 软件开始运行



[2023-08-31 15:29:26]=========================================
[2023-08-31 15:29:26]================== screen info ==================
[2023-08-31 15:29:26]xres:800
[2023-08-31 15:29:26]yres:600
[2023-08-31 15:29:26]This is RGB888 Standard
[2023-08-31 15:29:26]======================================
[2023-08-31 15:41:45]=========================================



[2023-08-31 15:41:45] 软件开始运行



[2023-08-31 15:41:45]=========================================
[2023-08-31 15:41:45]================== screen info ==================
[2023-08-31 15:41:45]xres:800
[2023-08-31 15:41:45]yres:600
[2023-08-31 15:41:45]This is RGB888 Standard
[2023-08-31 15:41:45]======================================
[2023-08-31 15:50:40]=========================================



[2023-08-31 15:50:40] 软件开始运行



[2023-08-31 15:50:40]=========================================
[2023-08-31 15:50:40]================== screen info ==================
[2023-08-31 15:50:40]xres:800
[2023-08-31 15:50:40]yres:600
[2023-08-31 15:50:40]This is RGB888 Standard
[2023-08-31 15:50:40]======================================
[2023-08-31 15:53:00]=========================================



[2023-08-31 15:53:00] 软件开始运行



[2023-08-31 15:53:00]=========================================
[2023-08-31 15:53:00]================== screen info ==================
[2023-08-31 15:53:00]xres:800
[2023-08-31 15:53:00]yres:600
[2023-08-31 15:53:00]This is RGB888 Standard
[2023-08-31 15:53:00]======================================
[2023-08-31 15:53:31]=========================================



[2023-08-31 15:53:31] 软件开始运行



[2023-08-31 15:53:31]=========================================
[2023-08-31 15:53:31]================== screen info ==================
[2023-08-31 15:53:31]xres:800
[2023-08-31 15:53:31]yres:600
[2023-08-31 15:53:31]This is RGB888 Standard
[2023-08-31 15:53:31]======================================
[2023-08-31 16:24:16]=========================================



[2023-08-31 16:24:16] 软件开始运行



[2023-08-31 16:24:16]=========================================
[2023-08-31 16:24:16]================== screen info ==================
[2023-08-31 16:24:16]xres:800
[2023-08-31 16:24:16]yres:600
[2023-08-31 16:24:16]This is RGB888 Standard
[2023-08-31 16:24:16]======================================
[2023-08-31 16:33:06]=========================================



[2023-08-31 16:33:06] 软件开始运行



[2023-08-31 16:33:06]=========================================
[2023-08-31 16:33:06]================== screen info ==================
[2023-08-31 16:33:06]xres:800
[2023-08-31 16:33:06]yres:600
[2023-08-31 16:33:06]This is RGB888 Standard
[2023-08-31 16:33:06]======================================
[2023-08-31 16:34:26]=========================================



[2023-08-31 16:34:26] 软件开始运行



[2023-08-31 16:34:26]=========================================
[2023-08-31 16:34:26]================== screen info ==================
[2023-08-31 16:34:26]xres:800
[2023-08-31 16:34:26]yres:600
[2023-08-31 16:34:26]This is RGB888 Standard
[2023-08-31 16:34:26]======================================
[2023-08-31 16:34:48]=========================================



[2023-08-31 16:34:48] 软件开始运行



[2023-08-31 16:34:48]=========================================
[2023-08-31 16:34:48]================== screen info ==================
[2023-08-31 16:34:48]xres:800
[2023-08-31 16:34:48]yres:600
[2023-08-31 16:34:48]This is RGB888 Standard
[2023-08-31 16:34:48]======================================
[2023-08-31 16:50:14]=========================================



[2023-08-31 16:50:14] 软件开始运行



[2023-08-31 16:50:14]=========================================
[2023-08-31 16:50:14]================== screen info ==================
[2023-08-31 16:50:14]xres:800
[2023-08-31 16:50:14]yres:600
[2023-08-31 16:50:14]This is RGB888 Standard
[2023-08-31 16:50:14]======================================
[2023-08-31 16:55:44]=========================================



[2023-08-31 16:55:44] 软件开始运行



[2023-08-31 16:55:44]=========================================
[2023-08-31 16:55:44]================== screen info ==================
[2023-08-31 16:55:44]xres:800
[2023-08-31 16:55:44]yres:600
[2023-08-31 16:55:44]This is RGB888 Standard
[2023-08-31 16:55:44]======================================
[2023-08-31 17:39:02]=========================================



[2023-08-31 17:39:02] 软件开始运行



[2023-08-31 17:39:02]=========================================
[2023-08-31 17:39:02]================== screen info ==================
[2023-08-31 17:39:02]xres:800
[2023-08-31 17:39:02]yres:600
[2023-08-31 17:39:02]This is RGB888 Standard
[2023-08-31 17:39:02]======================================
[2023-08-31 17:39:14]=========================================



[2023-08-31 17:39:14] 软件开始运行



[2023-08-31 17:39:14]=========================================
[2023-08-31 17:39:14]================== screen info ==================
[2023-08-31 17:39:14]xres:800
[2023-08-31 17:39:14]yres:600
[2023-08-31 17:39:14]This is RGB888 Standard
[2023-08-31 17:39:14]======================================
[2023-08-31 17:39:26]=========================================



[2023-08-31 17:39:26] 软件开始运行



[2023-08-31 17:39:26]=========================================
[2023-08-31 17:39:26]================== screen info ==================
[2023-08-31 17:39:26]xres:800
[2023-08-31 17:39:26]yres:600
[2023-08-31 17:39:26]This is RGB888 Standard
[2023-08-31 17:39:26]======================================
[2023-08-31 17:40:14]=========================================



[2023-08-31 17:40:14] 软件开始运行



[2023-08-31 17:40:14]=========================================
[2023-08-31 17:40:14]================== screen info ==================
[2023-08-31 17:40:14]xres:800
[2023-08-31 17:40:14]yres:600
[2023-08-31 17:40:14]This is RGB888 Standard
[2023-08-31 17:40:14]======================================
[2023-08-31 17:40:36]=========================================



[2023-08-31 17:40:36] 软件开始运行



[2023-08-31 17:40:36]=========================================
[2023-08-31 17:40:36]================== screen info ==================
[2023-08-31 17:40:36]xres:800
[2023-08-31 17:40:36]yres:600
[2023-08-31 17:40:36]This is RGB888 Standard
[2023-08-31 17:40:36]======================================
[2023-08-31 17:41:21]=========================================



[2023-08-31 17:41:21] 软件开始运行



[2023-08-31 17:41:21]=========================================
[2023-08-31 17:41:21]================== screen info ==================
[2023-08-31 17:41:21]xres:800
[2023-08-31 17:41:21]yres:600
[2023-08-31 17:41:21]This is RGB888 Standard
[2023-08-31 17:41:21]======================================
[2023-08-31 17:41:46]=========================================



[2023-08-31 17:41:46] 软件开始运行



[2023-08-31 17:41:46]=========================================
[2023-08-31 17:41:46]================== screen info ==================
[2023-08-31 17:41:46]xres:800
[2023-08-31 17:41:46]yres:600
[2023-08-31 17:41:46]This is RGB888 Standard
[2023-08-31 17:41:46]======================================
[2023-08-31 17:44:10]=========================================



[2023-08-31 17:44:10] 软件开始运行



[2023-08-31 17:44:10]=========================================
[2023-08-31 17:44:10]================== screen info ==================
[2023-08-31 17:44:10]xres:800
[2023-08-31 17:44:10]yres:600
[2023-08-31 17:44:10]This is RGB888 Standard
[2023-08-31 17:44:10]======================================
[2023-08-31 17:50:47]=========================================



[2023-08-31 17:50:47] 软件开始运行



[2023-08-31 17:50:47]=========================================
[2023-08-31 17:50:47]================== screen info ==================
[2023-08-31 17:50:47]xres:800
[2023-08-31 17:50:47]yres:600
[2023-08-31 17:50:47]This is RGB888 Standard
[2023-08-31 17:50:47]======================================
[2023-08-31 17:51:49]=========================================



[2023-08-31 17:51:49] 软件开始运行



[2023-08-31 17:51:49]=========================================
[2023-08-31 17:51:49]================== screen info ==================
[2023-08-31 17:51:49]xres:800
[2023-08-31 17:51:49]yres:600
[2023-08-31 17:51:49]This is RGB888 Standard
[2023-08-31 17:51:49]======================================
[2023-08-31 17:52:23]=========================================



[2023-08-31 17:52:23] 软件开始运行



[2023-08-31 17:52:23]=========================================
[2023-08-31 17:52:23]================== screen info ==================
[2023-08-31 17:52:23]xres:800
[2023-08-31 17:52:23]yres:600
[2023-08-31 17:52:23]This is RGB888 Standard
[2023-08-31 17:52:23]======================================
[2023-08-31 17:53:24]=========================================



[2023-08-31 17:53:24] 软件开始运行



[2023-08-31 17:53:24]=========================================
[2023-08-31 17:53:24]================== screen info ==================
[2023-08-31 17:53:24]xres:800
[2023-08-31 17:53:24]yres:600
[2023-08-31 17:53:24]This is RGB888 Standard
[2023-08-31 17:53:24]======================================
[2023-08-31 17:57:28]=========================================



[2023-08-31 17:57:28] 软件开始运行



[2023-08-31 17:57:28]=========================================
[2023-08-31 17:57:28]================== screen info ==================
[2023-08-31 17:57:28]xres:800
[2023-08-31 17:57:28]yres:600
[2023-08-31 17:57:28]This is RGB888 Standard
[2023-08-31 17:57:28]======================================
