[2023-09-01 09:22:27]=========================================



[2023-09-01 09:22:27] 软件开始运行



[2023-09-01 09:22:27]=========================================
[2023-09-01 09:22:27]================== screen info ==================
[2023-09-01 09:22:27]xres:800
[2023-09-01 09:22:27]yres:600
[2023-09-01 09:22:27]This is RGB888 Standard
[2023-09-01 09:22:27]======================================
[2023-09-01 09:22:40]=========================================



[2023-09-01 09:22:40] 软件开始运行



[2023-09-01 09:22:40]=========================================
[2023-09-01 09:22:40]================== screen info ==================
[2023-09-01 09:22:40]xres:800
[2023-09-01 09:22:40]yres:600
[2023-09-01 09:22:40]This is RGB888 Standard
[2023-09-01 09:22:40]======================================
[2023-09-01 09:39:07]=========================================



[2023-09-01 09:39:07] 软件开始运行



[2023-09-01 09:39:07]=========================================
[2023-09-01 09:39:07]================== screen info ==================
[2023-09-01 09:39:07]xres:800
[2023-09-01 09:39:07]yres:600
[2023-09-01 09:39:07]This is RGB888 Standard
[2023-09-01 09:39:07]======================================
[2023-09-01 09:49:29]=========================================



[2023-09-01 09:49:29] 软件开始运行



[2023-09-01 09:49:29]=========================================
[2023-09-01 09:49:29]================== screen info ==================
[2023-09-01 09:49:29]xres:800
[2023-09-01 09:49:29]yres:600
[2023-09-01 09:49:29]This is RGB888 Standard
[2023-09-01 09:49:29]======================================
[2023-09-01 09:49:41]=========================================



[2023-09-01 09:49:41] 软件开始运行



[2023-09-01 09:49:41]=========================================
[2023-09-01 09:49:41]================== screen info ==================
[2023-09-01 09:49:41]xres:800
[2023-09-01 09:49:41]yres:600
[2023-09-01 09:49:41]This is RGB888 Standard
[2023-09-01 09:49:41]======================================
[2023-09-01 09:58:33]=========================================



[2023-09-01 09:58:33] 软件开始运行



[2023-09-01 09:58:33]=========================================
[2023-09-01 09:58:33]================== screen info ==================
[2023-09-01 09:58:33]xres:800
[2023-09-01 09:58:33]yres:600
[2023-09-01 09:58:33]This is RGB888 Standard
[2023-09-01 09:58:33]======================================
[2023-09-01 09:58:42]=========================================



[2023-09-01 09:58:42] 软件开始运行



[2023-09-01 09:58:42]=========================================
[2023-09-01 09:58:42]================== screen info ==================
[2023-09-01 09:58:42]xres:800
[2023-09-01 09:58:42]yres:600
[2023-09-01 09:58:42]This is RGB888 Standard
[2023-09-01 09:58:42]======================================
[2023-09-01 09:59:03]=========================================



[2023-09-01 09:59:03] 软件开始运行



[2023-09-01 09:59:03]=========================================
[2023-09-01 09:59:03]================== screen info ==================
[2023-09-01 09:59:03]xres:800
[2023-09-01 09:59:03]yres:600
[2023-09-01 09:59:03]This is RGB888 Standard
[2023-09-01 09:59:03]======================================
[2023-09-01 09:59:58]=========================================



[2023-09-01 09:59:58] 软件开始运行



[2023-09-01 09:59:58]=========================================
[2023-09-01 09:59:58]================== screen info ==================
[2023-09-01 09:59:58]xres:800
[2023-09-01 09:59:58]yres:600
[2023-09-01 09:59:58]This is RGB888 Standard
[2023-09-01 09:59:58]======================================
[2023-09-01 11:34:13]=========================================



[2023-09-01 11:34:13] 软件开始运行



[2023-09-01 11:34:13]=========================================
[2023-09-01 11:34:13]================== screen info ==================
[2023-09-01 11:34:13]xres:800
[2023-09-01 11:34:13]yres:600
[2023-09-01 11:34:13]This is RGB888 Standard
[2023-09-01 11:34:13]======================================
[2023-09-01 11:35:07]=========================================



[2023-09-01 11:35:07] 软件开始运行



[2023-09-01 11:35:07]=========================================
[2023-09-01 11:35:07]================== screen info ==================
[2023-09-01 11:35:07]xres:800
[2023-09-01 11:35:07]yres:600
[2023-09-01 11:35:07]This is RGB888 Standard
[2023-09-01 11:35:07]======================================
[2023-09-01 11:37:10]=========================================



[2023-09-01 11:37:10] 软件开始运行



[2023-09-01 11:37:10]=========================================
[2023-09-01 11:37:10]================== screen info ==================
[2023-09-01 11:37:10]xres:800
[2023-09-01 11:37:10]yres:600
[2023-09-01 11:37:10]This is RGB888 Standard
[2023-09-01 11:37:10]======================================
[2023-09-01 13:42:23]=========================================



[2023-09-01 13:42:23] 软件开始运行



[2023-09-01 13:42:23]=========================================
[2023-09-01 13:42:23]================== screen info ==================
[2023-09-01 13:42:23]xres:800
[2023-09-01 13:42:23]yres:600
[2023-09-01 13:42:23]This is RGB888 Standard
[2023-09-01 13:42:23]======================================
[2023-09-01 13:43:37]=========================================



[2023-09-01 13:43:37] 软件开始运行



[2023-09-01 13:43:37]=========================================
[2023-09-01 13:43:37]================== screen info ==================
[2023-09-01 13:43:37]xres:800
[2023-09-01 13:43:37]yres:600
[2023-09-01 13:43:37]This is RGB888 Standard
[2023-09-01 13:43:37]======================================
[2023-09-01 14:08:27]=========================================



[2023-09-01 14:08:27] 软件开始运行



[2023-09-01 14:08:27]=========================================
[2023-09-01 14:08:27]================== screen info ==================
[2023-09-01 14:08:27]xres:800
[2023-09-01 14:08:27]yres:600
[2023-09-01 14:08:27]This is RGB888 Standard
[2023-09-01 14:08:27]======================================
[2023-09-01 14:09:24]=========================================



[2023-09-01 14:09:24] 软件开始运行



[2023-09-01 14:09:24]=========================================
[2023-09-01 14:09:24]================== screen info ==================
[2023-09-01 14:09:24]xres:800
[2023-09-01 14:09:24]yres:600
[2023-09-01 14:09:24]This is RGB888 Standard
[2023-09-01 14:09:24]======================================
[2023-09-01 14:12:00]=========================================



[2023-09-01 14:12:00] 软件开始运行



[2023-09-01 14:12:00]=========================================
[2023-09-01 14:12:00]================== screen info ==================
[2023-09-01 14:12:00]xres:800
[2023-09-01 14:12:00]yres:600
[2023-09-01 14:12:00]This is RGB888 Standard
[2023-09-01 14:12:00]======================================
[2023-09-01 14:12:50]=========================================



[2023-09-01 14:12:50] 软件开始运行



[2023-09-01 14:12:50]=========================================
[2023-09-01 14:12:50]================== screen info ==================
[2023-09-01 14:12:50]xres:800
[2023-09-01 14:12:50]yres:600
[2023-09-01 14:12:50]This is RGB888 Standard
[2023-09-01 14:12:50]======================================
[2023-09-01 14:13:05]=========================================



[2023-09-01 14:13:05] 软件开始运行



[2023-09-01 14:13:05]=========================================
[2023-09-01 14:13:05]================== screen info ==================
[2023-09-01 14:13:05]xres:800
[2023-09-01 14:13:05]yres:600
[2023-09-01 14:13:05]This is RGB888 Standard
[2023-09-01 14:13:05]======================================
[2023-09-01 14:14:00]=========================================



[2023-09-01 14:14:00] 软件开始运行



[2023-09-01 14:14:00]=========================================
[2023-09-01 14:14:00]================== screen info ==================
[2023-09-01 14:14:00]xres:800
[2023-09-01 14:14:00]yres:600
[2023-09-01 14:14:00]This is RGB888 Standard
[2023-09-01 14:14:00]======================================
[2023-09-01 14:14:29]=========================================



[2023-09-01 14:14:29] 软件开始运行



[2023-09-01 14:14:29]=========================================
[2023-09-01 14:14:29]================== screen info ==================
[2023-09-01 14:14:29]xres:800
[2023-09-01 14:14:29]yres:600
[2023-09-01 14:14:29]This is RGB888 Standard
[2023-09-01 14:14:29]======================================
[2023-09-01 14:15:42]=========================================



[2023-09-01 14:15:42] 软件开始运行



[2023-09-01 14:15:42]=========================================
[2023-09-01 14:15:42]================== screen info ==================
[2023-09-01 14:15:42]xres:800
[2023-09-01 14:15:42]yres:600
[2023-09-01 14:15:42]This is RGB888 Standard
[2023-09-01 14:15:42]======================================
[2023-09-01 14:16:58]=========================================



[2023-09-01 14:16:58] 软件开始运行



[2023-09-01 14:16:58]=========================================
[2023-09-01 14:16:58]================== screen info ==================
[2023-09-01 14:16:58]xres:800
[2023-09-01 14:16:58]yres:600
[2023-09-01 14:16:58]This is RGB888 Standard
[2023-09-01 14:16:58]======================================
[2023-09-01 14:17:27]=========================================



[2023-09-01 14:17:27] 软件开始运行



[2023-09-01 14:17:27]=========================================
[2023-09-01 14:17:27]================== screen info ==================
[2023-09-01 14:17:27]xres:800
[2023-09-01 14:17:27]yres:600
[2023-09-01 14:17:27]This is RGB888 Standard
[2023-09-01 14:17:27]======================================
[2023-09-01 14:17:35]=========================================



[2023-09-01 14:17:35] 软件开始运行



[2023-09-01 14:17:35]=========================================
[2023-09-01 14:17:35]================== screen info ==================
[2023-09-01 14:17:35]xres:800
[2023-09-01 14:17:35]yres:600
[2023-09-01 14:17:35]This is RGB888 Standard
[2023-09-01 14:17:35]======================================
[2023-09-01 14:23:56]=========================================



[2023-09-01 14:23:56] 软件开始运行



[2023-09-01 14:23:56]=========================================
[2023-09-01 14:23:56]================== screen info ==================
[2023-09-01 14:23:56]xres:800
[2023-09-01 14:23:56]yres:600
[2023-09-01 14:23:56]This is RGB888 Standard
[2023-09-01 14:23:56]======================================
[2023-09-01 14:24:14]=========================================



[2023-09-01 14:24:14] 软件开始运行



[2023-09-01 14:24:14]=========================================
[2023-09-01 14:24:14]================== screen info ==================
[2023-09-01 14:24:14]xres:800
[2023-09-01 14:24:14]yres:600
[2023-09-01 14:24:14]This is RGB888 Standard
[2023-09-01 14:24:14]======================================
[2023-09-01 14:24:30]=========================================



[2023-09-01 14:24:30] 软件开始运行



[2023-09-01 14:24:30]=========================================
[2023-09-01 14:24:30]================== screen info ==================
[2023-09-01 14:24:30]xres:800
[2023-09-01 14:24:30]yres:600
[2023-09-01 14:24:30]This is RGB888 Standard
[2023-09-01 14:24:30]======================================
[2023-09-01 14:25:51]=========================================



[2023-09-01 14:25:51] 软件开始运行



[2023-09-01 14:25:51]=========================================
[2023-09-01 14:25:51]================== screen info ==================
[2023-09-01 14:25:51]xres:800
[2023-09-01 14:25:51]yres:600
[2023-09-01 14:25:51]This is RGB888 Standard
[2023-09-01 14:25:51]======================================
[2023-09-01 14:25:57]=========================================



[2023-09-01 14:25:57] 软件开始运行



[2023-09-01 14:25:57]=========================================
[2023-09-01 14:25:57]================== screen info ==================
[2023-09-01 14:25:57]xres:800
[2023-09-01 14:25:57]yres:600
[2023-09-01 14:25:57]This is RGB888 Standard
[2023-09-01 14:25:57]======================================
[2023-09-01 14:27:48]=========================================



[2023-09-01 14:27:48] 软件开始运行



[2023-09-01 14:27:48]=========================================
[2023-09-01 14:27:48]================== screen info ==================
[2023-09-01 14:27:48]xres:800
[2023-09-01 14:27:48]yres:600
[2023-09-01 14:27:48]This is RGB888 Standard
[2023-09-01 14:27:48]======================================
[2023-09-01 14:29:13]=========================================



[2023-09-01 14:29:13] 软件开始运行



[2023-09-01 14:29:13]=========================================
[2023-09-01 14:29:13]================== screen info ==================
[2023-09-01 14:29:13]xres:800
[2023-09-01 14:29:13]yres:600
[2023-09-01 14:29:13]This is RGB888 Standard
[2023-09-01 14:29:13]======================================
[2023-09-01 14:30:04]=========================================



[2023-09-01 14:30:04] 软件开始运行



[2023-09-01 14:30:04]=========================================
[2023-09-01 14:30:04]================== screen info ==================
[2023-09-01 14:30:04]xres:800
[2023-09-01 14:30:04]yres:600
[2023-09-01 14:30:04]This is RGB888 Standard
[2023-09-01 14:30:04]======================================
[2023-09-01 14:30:31]=========================================



[2023-09-01 14:30:31] 软件开始运行



[2023-09-01 14:30:31]=========================================
[2023-09-01 14:30:31]================== screen info ==================
[2023-09-01 14:30:31]xres:800
[2023-09-01 14:30:31]yres:600
[2023-09-01 14:30:31]This is RGB888 Standard
[2023-09-01 14:30:31]======================================
[2023-09-01 14:30:56]=========================================



[2023-09-01 14:30:56] 软件开始运行



[2023-09-01 14:30:56]=========================================
[2023-09-01 14:30:56]================== screen info ==================
[2023-09-01 14:30:56]xres:800
[2023-09-01 14:30:56]yres:600
[2023-09-01 14:30:56]This is RGB888 Standard
[2023-09-01 14:30:56]======================================
[2023-09-01 14:31:34]=========================================



[2023-09-01 14:31:34] 软件开始运行



[2023-09-01 14:31:34]=========================================
[2023-09-01 14:31:34]================== screen info ==================
[2023-09-01 14:31:34]xres:800
[2023-09-01 14:31:34]yres:600
[2023-09-01 14:31:34]This is RGB888 Standard
[2023-09-01 14:31:34]======================================
[2023-09-01 14:33:03]=========================================



[2023-09-01 14:33:03] 软件开始运行



[2023-09-01 14:33:03]=========================================
[2023-09-01 14:33:03]================== screen info ==================
[2023-09-01 14:33:03]xres:800
[2023-09-01 14:33:03]yres:600
[2023-09-01 14:33:03]This is RGB888 Standard
[2023-09-01 14:33:03]======================================
[2023-09-01 14:35:56]=========================================



[2023-09-01 14:35:56] 软件开始运行



[2023-09-01 14:35:56]=========================================
[2023-09-01 14:35:56]================== screen info ==================
[2023-09-01 14:35:56]xres:800
[2023-09-01 14:35:56]yres:600
[2023-09-01 14:35:56]This is RGB888 Standard
[2023-09-01 14:35:56]======================================
[2023-09-01 14:36:46]=========================================



[2023-09-01 14:36:46] 软件开始运行



[2023-09-01 14:36:46]=========================================
[2023-09-01 14:36:46]================== screen info ==================
[2023-09-01 14:36:46]xres:800
[2023-09-01 14:36:46]yres:600
[2023-09-01 14:36:46]This is RGB888 Standard
[2023-09-01 14:36:46]======================================
[2023-09-01 14:38:02]=========================================



[2023-09-01 14:38:02] 软件开始运行



[2023-09-01 14:38:02]=========================================
[2023-09-01 14:38:02]================== screen info ==================
[2023-09-01 14:38:02]xres:800
[2023-09-01 14:38:02]yres:600
[2023-09-01 14:38:02]This is RGB888 Standard
[2023-09-01 14:38:02]======================================
[2023-09-01 14:38:53]=========================================



[2023-09-01 14:38:53] 软件开始运行



[2023-09-01 14:38:53]=========================================
[2023-09-01 14:38:53]================== screen info ==================
[2023-09-01 14:38:53]xres:800
[2023-09-01 14:38:53]yres:600
[2023-09-01 14:38:53]This is RGB888 Standard
[2023-09-01 14:38:53]======================================
[2023-09-01 14:39:22]=========================================



[2023-09-01 14:39:22] 软件开始运行



[2023-09-01 14:39:22]=========================================
[2023-09-01 14:39:22]================== screen info ==================
[2023-09-01 14:39:22]xres:800
[2023-09-01 14:39:22]yres:600
[2023-09-01 14:39:22]This is RGB888 Standard
[2023-09-01 14:39:22]======================================
[2023-09-01 14:39:45]=========================================



[2023-09-01 14:39:45] 软件开始运行



[2023-09-01 14:39:45]=========================================
[2023-09-01 14:39:45]================== screen info ==================
[2023-09-01 14:39:45]xres:800
[2023-09-01 14:39:45]yres:600
[2023-09-01 14:39:45]This is RGB888 Standard
[2023-09-01 14:39:45]======================================
[2023-09-01 14:40:26]=========================================



[2023-09-01 14:40:26] 软件开始运行



[2023-09-01 14:40:26]=========================================
[2023-09-01 14:40:26]================== screen info ==================
[2023-09-01 14:40:26]xres:800
[2023-09-01 14:40:26]yres:600
[2023-09-01 14:40:26]This is RGB888 Standard
[2023-09-01 14:40:26]======================================
[2023-09-01 14:40:44]=========================================



[2023-09-01 14:40:44] 软件开始运行



[2023-09-01 14:40:44]=========================================
[2023-09-01 14:40:44]================== screen info ==================
[2023-09-01 14:40:44]xres:800
[2023-09-01 14:40:44]yres:600
[2023-09-01 14:40:44]This is RGB888 Standard
[2023-09-01 14:40:44]======================================
[2023-09-01 14:46:35]=========================================



[2023-09-01 14:46:35] 软件开始运行



[2023-09-01 14:46:35]=========================================
[2023-09-01 14:46:35]================== screen info ==================
[2023-09-01 14:46:35]xres:800
[2023-09-01 14:46:35]yres:600
[2023-09-01 14:46:35]This is RGB888 Standard
[2023-09-01 14:46:35]======================================
[2023-09-01 14:48:36]=========================================



[2023-09-01 14:48:36] 软件开始运行



[2023-09-01 14:48:36]=========================================
[2023-09-01 14:48:36]================== screen info ==================
[2023-09-01 14:48:36]xres:800
[2023-09-01 14:48:36]yres:600
[2023-09-01 14:48:36]This is RGB888 Standard
[2023-09-01 14:48:36]======================================
[2023-09-01 14:49:21]=========================================



[2023-09-01 14:49:21] 软件开始运行



[2023-09-01 14:49:21]=========================================
[2023-09-01 14:49:21]================== screen info ==================
[2023-09-01 14:49:21]xres:800
[2023-09-01 14:49:21]yres:600
[2023-09-01 14:49:21]This is RGB888 Standard
[2023-09-01 14:49:21]======================================
[2023-09-01 14:55:42]=========================================



[2023-09-01 14:55:42] 软件开始运行



[2023-09-01 14:55:42]=========================================
[2023-09-01 14:55:42]================== screen info ==================
[2023-09-01 14:55:42]xres:800
[2023-09-01 14:55:42]yres:600
[2023-09-01 14:55:42]This is RGB888 Standard
[2023-09-01 14:55:42]======================================
[2023-09-01 14:56:11]=========================================



[2023-09-01 14:56:11] 软件开始运行



[2023-09-01 14:56:11]=========================================
[2023-09-01 14:56:11]================== screen info ==================
[2023-09-01 14:56:11]xres:800
[2023-09-01 14:56:11]yres:600
[2023-09-01 14:56:11]This is RGB888 Standard
[2023-09-01 14:56:11]======================================
[2023-09-01 14:56:24]=========================================



[2023-09-01 14:56:24] 软件开始运行



[2023-09-01 14:56:24]=========================================
[2023-09-01 14:56:24]================== screen info ==================
[2023-09-01 14:56:24]xres:800
[2023-09-01 14:56:24]yres:600
[2023-09-01 14:56:24]This is RGB888 Standard
[2023-09-01 14:56:24]======================================
[2023-09-01 14:56:35]=========================================



[2023-09-01 14:56:35] 软件开始运行



[2023-09-01 14:56:35]=========================================
[2023-09-01 14:56:35]================== screen info ==================
[2023-09-01 14:56:35]xres:800
[2023-09-01 14:56:35]yres:600
[2023-09-01 14:56:35]This is RGB888 Standard
[2023-09-01 14:56:35]======================================
[2023-09-01 14:59:05]=========================================



[2023-09-01 14:59:05] 软件开始运行



[2023-09-01 14:59:05]=========================================
[2023-09-01 14:59:05]================== screen info ==================
[2023-09-01 14:59:05]xres:800
[2023-09-01 14:59:05]yres:600
[2023-09-01 14:59:05]This is RGB888 Standard
[2023-09-01 14:59:05]======================================
[2023-09-01 14:59:49]=========================================



[2023-09-01 14:59:49] 软件开始运行



[2023-09-01 14:59:49]=========================================
[2023-09-01 14:59:49]================== screen info ==================
[2023-09-01 14:59:49]xres:800
[2023-09-01 14:59:49]yres:600
[2023-09-01 14:59:49]This is RGB888 Standard
[2023-09-01 14:59:49]======================================
[2023-09-01 15:02:31]=========================================



[2023-09-01 15:02:31] 软件开始运行



[2023-09-01 15:02:31]=========================================
[2023-09-01 15:02:31]================== screen info ==================
[2023-09-01 15:02:31]xres:800
[2023-09-01 15:02:31]yres:600
[2023-09-01 15:02:31]This is RGB888 Standard
[2023-09-01 15:02:31]======================================
[2023-09-01 15:05:17]=========================================



[2023-09-01 15:05:17] 软件开始运行



[2023-09-01 15:05:17]=========================================
[2023-09-01 15:05:17]================== screen info ==================
[2023-09-01 15:05:17]xres:800
[2023-09-01 15:05:17]yres:600
[2023-09-01 15:05:17]This is RGB888 Standard
[2023-09-01 15:05:17]======================================
[2023-09-01 15:08:09]=========================================



[2023-09-01 15:08:09] 软件开始运行



[2023-09-01 15:08:09]=========================================
[2023-09-01 15:08:09]================== screen info ==================
[2023-09-01 15:08:09]xres:800
[2023-09-01 15:08:09]yres:600
[2023-09-01 15:08:09]This is RGB888 Standard
[2023-09-01 15:08:09]======================================
[2023-09-01 15:08:52]=========================================



[2023-09-01 15:08:52] 软件开始运行



[2023-09-01 15:08:52]=========================================
[2023-09-01 15:08:52]================== screen info ==================
[2023-09-01 15:08:52]xres:800
[2023-09-01 15:08:52]yres:600
[2023-09-01 15:08:52]This is RGB888 Standard
[2023-09-01 15:08:52]======================================
[2023-09-01 15:09:16]=========================================



[2023-09-01 15:09:16] 软件开始运行



[2023-09-01 15:09:16]=========================================
[2023-09-01 15:09:16]================== screen info ==================
[2023-09-01 15:09:16]xres:800
[2023-09-01 15:09:16]yres:600
[2023-09-01 15:09:16]This is RGB888 Standard
[2023-09-01 15:09:16]======================================
[2023-09-01 15:10:06]=========================================



[2023-09-01 15:10:06] 软件开始运行



[2023-09-01 15:10:06]=========================================
[2023-09-01 15:10:06]================== screen info ==================
[2023-09-01 15:10:06]xres:800
[2023-09-01 15:10:06]yres:600
[2023-09-01 15:10:06]This is RGB888 Standard
[2023-09-01 15:10:06]======================================
[2023-09-01 15:12:04]=========================================



[2023-09-01 15:12:04] 软件开始运行



[2023-09-01 15:12:04]=========================================
[2023-09-01 15:12:04]================== screen info ==================
[2023-09-01 15:12:04]xres:800
[2023-09-01 15:12:04]yres:600
[2023-09-01 15:12:04]This is RGB888 Standard
[2023-09-01 15:12:04]======================================
[2023-09-01 15:12:31]=========================================



[2023-09-01 15:12:31] 软件开始运行



[2023-09-01 15:12:31]=========================================
[2023-09-01 15:12:31]================== screen info ==================
[2023-09-01 15:12:31]xres:800
[2023-09-01 15:12:31]yres:600
[2023-09-01 15:12:31]This is RGB888 Standard
[2023-09-01 15:12:31]======================================
[2023-09-01 15:15:47]=========================================



[2023-09-01 15:15:47] 软件开始运行



[2023-09-01 15:15:47]=========================================
[2023-09-01 15:15:47]================== screen info ==================
[2023-09-01 15:15:47]xres:800
[2023-09-01 15:15:47]yres:600
[2023-09-01 15:15:47]This is RGB888 Standard
[2023-09-01 15:15:47]======================================
[2023-09-01 15:18:54]=========================================



[2023-09-01 15:18:54] 软件开始运行



[2023-09-01 15:18:54]=========================================
[2023-09-01 15:18:54]================== screen info ==================
[2023-09-01 15:18:54]xres:800
[2023-09-01 15:18:54]yres:600
[2023-09-01 15:18:54]This is RGB888 Standard
[2023-09-01 15:18:54]======================================
[2023-09-01 15:19:02]=========================================



[2023-09-01 15:19:02] 软件开始运行



[2023-09-01 15:19:02]=========================================
[2023-09-01 15:19:02]================== screen info ==================
[2023-09-01 15:19:02]xres:800
[2023-09-01 15:19:02]yres:600
[2023-09-01 15:19:02]This is RGB888 Standard
[2023-09-01 15:19:02]======================================
[2023-09-01 15:38:13]=========================================



[2023-09-01 15:38:13] 软件开始运行



[2023-09-01 15:38:13]=========================================
[2023-09-01 15:38:13]================== screen info ==================
[2023-09-01 15:38:13]xres:800
[2023-09-01 15:38:13]yres:600
[2023-09-01 15:38:13]This is RGB888 Standard
[2023-09-01 15:38:13]======================================
[2023-09-01 15:39:10]=========================================



[2023-09-01 15:39:10] 软件开始运行



[2023-09-01 15:39:10]=========================================
[2023-09-01 15:39:10]================== screen info ==================
[2023-09-01 15:39:10]xres:800
[2023-09-01 15:39:10]yres:600
[2023-09-01 15:39:10]This is RGB888 Standard
[2023-09-01 15:39:10]======================================
[2023-09-01 15:39:13]左键按下!
[2023-09-01 15:39:13]显示实时信息
[2023-09-01 15:39:14]左键按下!
[2023-09-01 15:39:14]显示实时信息
[2023-09-01 15:39:14]左键按下!
[2023-09-01 15:39:14]显示实时信息
[2023-09-01 15:39:14]左键按下!
[2023-09-01 15:39:14]显示实时信息
[2023-09-01 15:39:14]左键按下!
[2023-09-01 15:39:14]显示实时信息
[2023-09-01 15:39:14]左键按下!
[2023-09-01 15:39:14]显示实时信息
