[2023-08-29 15:36:33]open /dev/fb0 device failed
[2023-08-29 15:39:19]=========================================



[2023-08-29 15:39:19] 软件开始运行



[2023-08-29 15:39:19]=========================================
[2023-08-29 15:39:19]open /dev/fb0 device failed
[2023-08-29 15:39:28]=========================================



[2023-08-29 15:39:28] 软件开始运行



[2023-08-29 15:39:28]=========================================
[2023-08-29 15:39:28]======================================
[2023-08-29 15:39:28]xres:1634170483
[2023-08-29 15:39:28]yres:1718448740
[2023-08-29 15:39:28]xres_virtual:98
[2023-08-29 15:39:28]yres_virtual:0
[2023-08-29 15:39:28]======================================
[2023-08-29 15:41:02]=========================================



[2023-08-29 15:41:02] 软件开始运行



[2023-08-29 15:41:02]=========================================
[2023-08-29 15:41:02]================== screen info ==================
[2023-08-29 15:41:02]xres:1634170483
[2023-08-29 15:41:02]yres:1718448740
[2023-08-29 15:41:02]xres_virtual:98
[2023-08-29 15:41:02]yres_virtual:0
[2023-08-29 15:41:02]======================================
[2023-08-29 15:42:25]=========================================



[2023-08-29 15:42:25] 软件开始运行



[2023-08-29 15:42:25]=========================================
[2023-08-29 15:42:25]================== screen info ==================
[2023-08-29 15:42:25]xres:800
[2023-08-29 15:42:25]yres:600
[2023-08-29 15:42:25]xres_virtual:1176
[2023-08-29 15:42:25]yres_virtual:885
[2023-08-29 15:42:25]This is RGB888 Standard
[2023-08-29 15:42:25]======================================
[2023-08-29 15:44:59]=========================================



[2023-08-29 15:44:59] 软件开始运行



[2023-08-29 15:44:59]=========================================
[2023-08-29 15:44:59]================== screen info ==================
[2023-08-29 15:44:59]xres:800
[2023-08-29 15:44:59]yres:600
[2023-08-29 15:44:59]This is RGB888 Standard
[2023-08-29 15:44:59]======================================
[2023-08-29 16:22:25]=========================================



[2023-08-29 16:22:25] 软件开始运行



[2023-08-29 16:22:25]=========================================
[2023-08-29 16:22:25]================== screen info ==================
[2023-08-29 16:22:25]xres:800
[2023-08-29 16:22:25]yres:600
[2023-08-29 16:22:25]This is RGB888 Standard
[2023-08-29 16:22:25]======================================
[2023-08-29 16:26:18]=========================================



[2023-08-29 16:26:18] 软件开始运行



[2023-08-29 16:26:18]=========================================
[2023-08-29 16:26:18]================== screen info ==================
[2023-08-29 16:26:18]xres:800
[2023-08-29 16:26:18]yres:600
[2023-08-29 16:26:18]This is RGB888 Standard
[2023-08-29 16:26:18]======================================
[2023-08-29 16:57:08]=========================================



[2023-08-29 16:57:08] 软件开始运行



[2023-08-29 16:57:08]=========================================
[2023-08-29 16:57:08]================== screen info ==================
[2023-08-29 16:57:08]xres:800
[2023-08-29 16:57:08]yres:600
[2023-08-29 16:57:08]This is RGB888 Standard
[2023-08-29 16:57:08]======================================
[2023-08-29 16:58:12]=========================================



[2023-08-29 16:58:12] 软件开始运行



[2023-08-29 16:58:12]=========================================
[2023-08-29 16:58:12]================== screen info ==================
[2023-08-29 16:58:12]xres:800
[2023-08-29 16:58:12]yres:600
[2023-08-29 16:58:12]This is RGB888 Standard
[2023-08-29 16:58:12]======================================
